<?xml version="1.0" encoding="utf-8"?><testsuites name="pytest tests"><testsuite name="pytest" errors="0" failures="0" skipped="0" tests="13" time="2.958" timestamp="2026-02-23T22:44:25.036082+00:00" hostname="agent-env-53fbc09c-6892-4db7-829a-cd96851f147c"><testcase classname="backend.tests.test_batch_reindex.TestEmbeddingStats" name="test_embedding_stats_returns_200" time="0.568" /><testcase classname="backend.tests.test_batch_reindex.TestEmbeddingStats" name="test_embedding_stats_has_required_fields" time="0.135" /><testcase classname="backend.tests.test_batch_reindex.TestEmbeddingStats" name="test_embedding_stats_problem_files_structure" time="0.144" /><testcase classname="backend.tests.test_batch_reindex.TestReindexFilters" name="test_reindex_all_filter" time="0.118" /><testcase classname="backend.tests.test_batch_reindex.TestReindexFilters" name="test_reindex_failed_filter" time="0.480" /><testcase classname="backend.tests.test_batch_reindex.TestReindexFilters" name="test_reindex_unindexed_filter" time="0.268" /><testcase classname="backend.tests.test_batch_reindex.TestReindexFilters" name="test_reindex_invalid_filter_defaults_to_all" time="0.122" /><testcase classname="backend.tests.test_batch_reindex.TestReindexProgress" name="test_reindex_progress_valid_task" time="0.348" /><testcase classname="backend.tests.test_batch_reindex.TestReindexProgress" name="test_reindex_progress_invalid_task" time="0.142" /><testcase classname="backend.tests.test_batch_reindex.TestReindexProgress" name="test_reindex_completes_successfully" time="0.122" /><testcase classname="backend.tests.test_batch_reindex.TestEdgeCases" name="test_stats_without_auth_returns_401" time="0.144" /><testcase classname="backend.tests.test_batch_reindex.TestEdgeCases" name="test_reindex_without_auth_returns_401" time="0.115" /><testcase classname="backend.tests.test_batch_reindex.TestEdgeCases" name="test_progress_without_auth_returns_401" time="0.139" /></testsuite></testsuites>