<?xml version="1.0" encoding="utf-8"?><testsuites name="pytest tests"><testsuite name="pytest" errors="0" failures="0" skipped="0" tests="19" time="11.064" timestamp="2026-02-25T18:45:51.418376+00:00" hostname="agent-env-61d431e6-2e8c-424b-a72e-e8d14f48680b"><testcase classname="tests.test_stories_chapter_persistence.TestStoriesCRUD" name="test_create_story" time="0.612" /><testcase classname="tests.test_stories_chapter_persistence.TestStoriesCRUD" name="test_list_stories" time="0.152" /><testcase classname="tests.test_stories_chapter_persistence.TestStoriesCRUD" name="test_get_story" time="0.155" /><testcase classname="tests.test_stories_chapter_persistence.TestChaptersCRUD" name="test_create_chapter_1" time="0.697" /><testcase classname="tests.test_stories_chapter_persistence.TestChaptersCRUD" name="test_create_chapter_2" time="0.184" /><testcase classname="tests.test_stories_chapter_persistence.TestChaptersCRUD" name="test_select_chapter" time="0.117" /><testcase classname="tests.test_stories_chapter_persistence.TestChaptersCRUD" name="test_delete_chapter" time="0.553" /><testcase classname="tests.test_stories_chapter_persistence.TestCriticalBugFix" name="test_01_add_content_to_chapter_1" time="1.267" /><testcase classname="tests.test_stories_chapter_persistence.TestCriticalBugFix" name="test_02_verify_chapter_1_has_content" time="0.189" /><testcase classname="tests.test_stories_chapter_persistence.TestCriticalBugFix" name="test_03_switch_to_chapter_2_add_content" time="0.130" /><testcase classname="tests.test_stories_chapter_persistence.TestCriticalBugFix" name="test_04_CRITICAL_verify_chapter_1_content_not_lost" time="0.175" /><testcase classname="tests.test_stories_chapter_persistence.TestCriticalBugFix" name="test_05_verify_chapter_2_has_content" time="0.208" /><testcase classname="tests.test_stories_chapter_persistence.TestCriticalBugFix" name="test_06_add_more_content_chapter_1" time="0.140" /><testcase classname="tests.test_stories_chapter_persistence.TestCriticalBugFix" name="test_07_verify_all_content_persists" time="0.545" /><testcase classname="tests.test_stories_chapter_persistence.TestPDFPreview" name="test_chapter_pdf_preview" time="1.922" /><testcase classname="tests.test_stories_chapter_persistence.TestPDFPreview" name="test_full_story_pdf_preview" time="0.291" /><testcase classname="tests.test_stories_chapter_persistence.TestContentBlockEditing" name="test_inline_edit_content_block" time="1.176" /><testcase classname="tests.test_stories_chapter_persistence.TestContentBlockEditing" name="test_delete_content_block" time="0.657" /><testcase classname="tests.test_stories_chapter_persistence.TestStoryDeletion" name="test_delete_story" time="1.701" /></testsuite></testsuites>