<?xml version="1.0" encoding="utf-8"?><testsuites name="pytest tests"><testsuite name="pytest" errors="0" failures="0" skipped="0" tests="9" time="14.493" timestamp="2026-02-23T20:30:47.804304+00:00" hostname="agent-env-53fbc09c-6892-4db7-829a-cd96851f147c"><testcase classname="backend.tests.test_embedding_status.TestEmbeddingStatusFeature" name="test_batch_status_endpoint_exists" time="0.588" /><testcase classname="backend.tests.test_embedding_status.TestEmbeddingStatusFeature" name="test_batch_status_empty_ids" time="0.160" /><testcase classname="backend.tests.test_embedding_status.TestEmbeddingStatusFeature" name="test_batch_status_invalid_ids" time="0.163" /><testcase classname="backend.tests.test_embedding_status.TestEmbeddingStatusFeature" name="test_batch_status_returns_correct_fields" time="0.365" /><testcase classname="backend.tests.test_embedding_status.TestEmbeddingStatusFeature" name="test_upload_file_returns_embedding_status" time="1.249" /><testcase classname="backend.tests.test_embedding_status.TestEmbeddingStatusFeature" name="test_embedding_status_transition" time="3.449" /><testcase classname="backend.tests.test_embedding_status.TestEmbeddingStatusFeature" name="test_batch_status_multiple_files" time="4.177" /><testcase classname="backend.tests.test_embedding_status.TestEmbeddingStatusFeature" name="test_embedding_status_values" time="4.158" /><testcase classname="backend.tests.test_embedding_status.TestEmbeddingStatusFeature" name="test_batch_status_unauthorized" time="0.128" /></testsuite></testsuites>