<?xml version="1.0" encoding="utf-8"?><testsuites name="pytest tests"><testsuite name="pytest" errors="0" failures="0" skipped="0" tests="11" time="74.681" timestamp="2026-02-23T22:26:01.040003+00:00" hostname="agent-env-53fbc09c-6892-4db7-829a-cd96851f147c"><testcase classname="backend.tests.test_p1_p2_p3_features.TestP1PriorityFileIds" name="test_chat_endpoint_accepts_priority_file_ids" time="8.449" /><testcase classname="backend.tests.test_p1_p2_p3_features.TestP1PriorityFileIds" name="test_chat_endpoint_with_valid_priority_file_ids" time="8.158" /><testcase classname="backend.tests.test_p1_p2_p3_features.TestP1PriorityFileIds" name="test_chat_endpoint_without_priority_file_ids" time="6.820" /><testcase classname="backend.tests.test_p1_p2_p3_features.TestP1PriorityFileIds" name="test_chat_endpoint_priority_file_ids_null" time="3.603" /><testcase classname="backend.tests.test_p1_p2_p3_features.TestP3SourceDeduplication" name="test_chat_sources_no_duplicates" time="22.614" /><testcase classname="backend.tests.test_p1_p2_p3_features.TestP3SourceDeduplication" name="test_chat_sources_have_required_fields" time="10.224" /><testcase classname="backend.tests.test_p1_p2_p3_features.TestP3SourceDeduplication" name="test_project_chat_sources_no_duplicates" time="5.553" /><testcase classname="backend.tests.test_p1_p2_p3_features.TestFileDeleteCascade" name="test_file_delete_returns_cascade_info" time="4.088" /><testcase classname="backend.tests.test_p1_p2_p3_features.TestProjectInactiveStatus" name="test_project_status_field_exists" time="0.552" /><testcase classname="backend.tests.test_p1_p2_p3_features.TestChatRequestModel" name="test_chat_request_accepts_all_fields" time="3.983" /><testcase classname="backend.tests.test_p1_p2_p3_features.TestChatRequestModel" name="test_chat_request_message_required" time="0.515" /></testsuite></testsuites>