<?xml version="1.0" encoding="utf-8"?><testsuites name="pytest tests"><testsuite name="pytest" errors="0" failures="1" skipped="0" tests="13" time="25.834" timestamp="2026-02-25T17:22:05.451384+00:00" hostname="agent-env-53fbc09c-6892-4db7-829a-cd96851f147c"><testcase classname="tests.test_stories.TestStoriesCRUD" name="test_create_story" time="2.051" /><testcase classname="tests.test_stories.TestStoriesCRUD" name="test_list_stories" time="0.161" /><testcase classname="tests.test_stories.TestStoriesCRUD" name="test_get_story" time="0.124" /><testcase classname="tests.test_stories.TestChaptersCRUD" name="test_create_chapter_auto_numbered" time="0.260" /><testcase classname="tests.test_stories.TestChaptersCRUD" name="test_create_chapter_with_name" time="0.136" /><testcase classname="tests.test_stories.TestChaptersCRUD" name="test_update_chapter_content_blocks" time="0.180" /><testcase classname="tests.test_stories.TestChaptersCRUD" name="test_reorder_chapters" time="0.073"><failure message="AssertionError: Expected 200, got 404: {&quot;detail&quot;:&quot;Chapter not found&quot;}&#10;assert 404 == 200&#10; +  where 404 = &lt;Response [404]&gt;.status_code">tests/test_stories.py:207: in test_reorder_chapters
    assert response.status_code == 200, f"Expected 200, got {response.status_code}: {response.text}"
E   AssertionError: Expected 200, got 404: {"detail":"Chapter not found"}
E   assert 404 == 200
E    +  where 404 = &lt;Response [404]&gt;.status_code</failure></testcase><testcase classname="tests.test_stories.TestChaptersCRUD" name="test_delete_chapter_and_reorder" time="0.352" /><testcase classname="tests.test_stories.TestStoryChat" name="test_chat_coauthor_mode" time="20.051" /><testcase classname="tests.test_stories.TestStoryChat" name="test_chat_scribe_mode" time="0.994" /><testcase classname="tests.test_stories.TestStoryChat" name="test_get_messages" time="0.574" /><testcase classname="tests.test_stories.TestStoryDelete" name="test_delete_story_cascades" time="0.350" /><testcase classname="tests.test_stories.TestCleanup" name="test_cleanup_test_stories" time="0.321" /></testsuite></testsuites>