<?xml version="1.0" encoding="utf-8"?><testsuites name="pytest tests"><testsuite name="pytest" errors="0" failures="0" skipped="0" tests="13" time="24.784" timestamp="2026-02-25T17:23:42.221330+00:00" hostname="agent-env-53fbc09c-6892-4db7-829a-cd96851f147c"><testcase classname="tests.test_stories.TestStoriesCRUD" name="test_create_story" time="0.531" /><testcase classname="tests.test_stories.TestStoriesCRUD" name="test_list_stories" time="0.071" /><testcase classname="tests.test_stories.TestStoriesCRUD" name="test_get_story" time="0.078" /><testcase classname="tests.test_stories.TestChaptersCRUD" name="test_create_chapter_auto_numbered" time="0.133" /><testcase classname="tests.test_stories.TestChaptersCRUD" name="test_create_chapter_with_name" time="0.062" /><testcase classname="tests.test_stories.TestChaptersCRUD" name="test_update_chapter_content_blocks" time="0.124" /><testcase classname="tests.test_stories.TestChaptersCRUD" name="test_reorder_chapters" time="0.170" /><testcase classname="tests.test_stories.TestChaptersCRUD" name="test_delete_chapter_and_reorder" time="0.331" /><testcase classname="tests.test_stories.TestStoryChat" name="test_chat_coauthor_mode" time="20.295" /><testcase classname="tests.test_stories.TestStoryChat" name="test_chat_scribe_mode" time="1.161" /><testcase classname="tests.test_stories.TestStoryChat" name="test_get_messages" time="0.685" /><testcase classname="tests.test_stories.TestStoryDelete" name="test_delete_story_cascades" time="0.593" /><testcase classname="tests.test_stories.TestCleanup" name="test_cleanup_test_stories" time="0.497" /></testsuite></testsuites>